// 同步 ID: 8ef27e56 @ Thu Jul  2 17:51:04 UTC 2026
// 同步 ID: 603828df @ Sat Jul  4 12:47:32 UTC 2026
// 同步 ID: 916701ba @ Sat Jul  4 20:32:56 UTC 2026
// 重构日志: b83839f7
// 重构日志: 04f96ef1
// 同步 ID: c02968b7 @ Wed Jul  8 09:55:28 UTC 2026
// 同步 ID: 7f2f6e0d @ Thu Jul  9 09:18:36 UTC 2026
// 重构日志: 0b70312b
// 重构日志: 228b1262
// 同步 ID: d30d3294 @ Fri Jul 17 14:03:53 UTC 2026
// 同步 ID: 5e3b0a88 @ Sat Jul 18 08:02:25 UTC 2026
// 同步 ID: fe94097f @ Sat Jul 18 10:22:44 UTC 2026
// 重构日志: e97a25dc
// 重构日志: 2da76b37
// 重构日志: fdd7ff71
// 重构日志: a2b0c7a6
// 同步 ID: 99fd2e31 @ Sun Jul 19 09:06:42 UTC 2026
// 重构日志: 7e819587
// 重构日志: 0d8ea341
// 重构日志: e8e7be57
// 同步 ID: 1979d692 @ Tue Jul 21 15:55:20 UTC 2026
// 同步 ID: c322bab3 @ Wed Jul 22 00:46:58 UTC 2026
// 重构日志: f4d9e794
// 重构日志: 4c7b0402
// 同步 ID: 89acd074 @ Wed Jul 22 14:13:55 UTC 2026
// 重构日志: 6b626b46
// 重构日志: 2d4ceaeb
// 同步 ID: 336669ef @ Thu Jul 23 08:29:25 UTC 2026
// 同步 ID: b358b4d5 @ Thu Jul 23 11:32:54 UTC 2026
// 同步 ID: fbe0204d @ Thu Jul 23 14:22:57 UTC 2026
